[I 2024-12-07 14:39:57,643] Trial 49 finished with value: 86.01437258153676 and parameters: {'n_frequencies': 16, 'frequency_scale': 2.8768641060692635}. Best is trial 21 with value: 86.42896627971255.
{'MLP': {'num_layers': [2, 8], 'd_layers': [32, 256], 'dropout': [0.1, 0.5]}, 'TabTransformer': {'attn_dropout': 0.026309869553542756, 'depth': 7, 'dim': 17, 'ff_dropout': 0.2806318975931444, 'heads': 3}, 'FourierFeatures': {'n_frequencies': [4, 16], 'frequency_scale': [0.1, 3.0]}, 'BinningFeatures': {'n_bins': [4, 8], 'delta_scale': [1, 10.0], 'delta_min': [0.1, 10.0], 'delta_max': [11, 100]}, 'ComboFeatures': {'n_frequencies': [4, 16], 'frequency_scale': [0.1, 3.0], 'n_bins': [4, 8], 'delta_scale': [1, 10.0], 'delta_min': [0.1, 10.0], 'delta_max': [11, 100]}, 'ModernNCA': {'dim': [32, 128], 'dropout': [0.01, 0.2], 'temperature': [1, 1]}, 'training': {'batch_size': 71, 'epochs': 10, 'learning_rate': 0.0013562660956891403, 'weight_decay': 0.0009725939796220587}}
{'MLP': {'num_layers': [2, 8], 'd_layers': [32, 256], 'dropout': [0.1, 0.5]}, 'TabTransformer': {'attn_dropout': 0.026309869553542756, 'depth': 7, 'dim': 17, 'ff_dropout': 0.2806318975931444, 'heads': 3}, 'FourierFeatures': {'n_frequencies': [4, 16], 'frequency_scale': [0.1, 3.0]}, 'BinningFeatures': {'n_bins': [4, 8], 'delta_scale': [1, 10.0], 'delta_min': [0.1, 10.0], 'delta_max': [11, 100]}, 'ComboFeatures': {'n_frequencies': [4, 16], 'frequency_scale': [0.1, 3.0], 'n_bins': [4, 8], 'delta_scale': [1, 10.0], 'delta_min': [0.1, 10.0], 'delta_max': [11, 100]}, 'ModernNCA': {'dim': [32, 128], 'dropout': [0.01, 0.2], 'temperature': [1, 1]}, 'training': {'batch_size': 71, 'epochs': 10, 'learning_rate': 0.0013562660956891403, 'weight_decay': 0.0009725939796220587}}
{'MLP': {'num_layers': [2, 8], 'd_layers': [32, 256], 'dropout': [0.1, 0.5]}, 'TabTransformer': {'attn_dropout': 0.026309869553542756, 'depth': 7, 'dim': 17, 'ff_dropout': 0.2806318975931444, 'heads': 3}, 'FourierFeatures': {'n_frequencies': [4, 16], 'frequency_scale': [0.1, 3.0]}, 'BinningFeatures': {'n_bins': [4, 8], 'delta_scale': [1, 10.0], 'delta_min': [0.1, 10.0], 'delta_max': [11, 100]}, 'ComboFeatures': {'n_frequencies': [4, 16], 'frequency_scale': [0.1, 3.0], 'n_bins': [4, 8], 'delta_scale': [1, 10.0], 'delta_min': [0.1, 10.0], 'delta_max': [11, 100]}, 'ModernNCA': {'dim': [32, 128], 'dropout': [0.01, 0.2], 'temperature': [1, 1]}, 'training': {'batch_size': 71, 'epochs': 10, 'learning_rate': 0.0013562660956891403, 'weight_decay': 0.0009725939796220587}}
{'MLP': {'num_layers': [2, 8], 'd_layers': [32, 256], 'dropout': [0.1, 0.5]}, 'TabTransformer': {'attn_dropout': 0.026309869553542756, 'depth': 7, 'dim': 17, 'ff_dropout': 0.2806318975931444, 'heads': 3}, 'FourierFeatures': {'n_frequencies': [4, 16], 'frequency_scale': [0.1, 3.0]}, 'BinningFeatures': {'n_bins': [4, 8], 'delta_scale': [1, 10.0], 'delta_min': [0.1, 10.0], 'delta_max': [11, 100]}, 'ComboFeatures': {'n_frequencies': [4, 16], 'frequency_scale': [0.1, 3.0], 'n_bins': [4, 8], 'delta_scale': [1, 10.0], 'delta_min': [0.1, 10.0], 'delta_max': [11, 100]}, 'ModernNCA': {'dim': [32, 128], 'dropout': [0.01, 0.2], 'temperature': [1, 1]}, 'training': {'batch_size': 71, 'epochs': 10, 'learning_rate': 0.0013562660956891403, 'weight_decay': 0.0009725939796220587}}
{'MLP': {'num_layers': [2, 8], 'd_layers': [32, 256], 'dropout': [0.1, 0.5]}, 'TabTransformer': {'attn_dropout': 0.026309869553542756, 'depth': 7, 'dim': 17, 'ff_dropout': 0.2806318975931444, 'heads': 3}, 'FourierFeatures': {'n_frequencies': [4, 16], 'frequency_scale': [0.1, 3.0]}, 'BinningFeatures': {'n_bins': [4, 8], 'delta_scale': [1, 10.0], 'delta_min': [0.1, 10.0], 'delta_max': [11, 100]}, 'ComboFeatures': {'n_frequencies': [4, 16], 'frequency_scale': [0.1, 3.0], 'n_bins': [4, 8], 'delta_scale': [1, 10.0], 'delta_min': [0.1, 10.0], 'delta_max': [11, 100]}, 'ModernNCA': {'dim': [32, 128], 'dropout': [0.01, 0.2], 'temperature': [1, 1]}, 'training': {'batch_size': 71, 'epochs': 10, 'learning_rate': 0.0013562660956891403, 'weight_decay': 0.0009725939796220587}}
{'MLP': {'num_layers': [2, 8], 'd_layers': [32, 256], 'dropout': [0.1, 0.5]}, 'TabTransformer': {'attn_dropout': 0.026309869553542756, 'depth': 7, 'dim': 17, 'ff_dropout': 0.2806318975931444, 'heads': 3}, 'FourierFeatures': {'n_frequencies': [4, 16], 'frequency_scale': [0.1, 3.0]}, 'BinningFeatures': {'n_bins': [4, 8], 'delta_scale': [1, 10.0], 'delta_min': [0.1, 10.0], 'delta_max': [11, 100]}, 'ComboFeatures': {'n_frequencies': [4, 16], 'frequency_scale': [0.1, 3.0], 'n_bins': [4, 8], 'delta_scale': [1, 10.0], 'delta_min': [0.1, 10.0], 'delta_max': [11, 100]}, 'ModernNCA': {'dim': [32, 128], 'dropout': [0.01, 0.2], 'temperature': [1, 1]}, 'training': {'batch_size': 71, 'epochs': 10, 'learning_rate': 0.0013562660956891403, 'weight_decay': 0.0009725939796220587}}
{'MLP': {'num_layers': [2, 8], 'd_layers': [32, 256], 'dropout': [0.1, 0.5]}, 'TabTransformer': {'attn_dropout': 0.026309869553542756, 'depth': 7, 'dim': 17, 'ff_dropout': 0.2806318975931444, 'heads': 3}, 'FourierFeatures': {'n_frequencies': [4, 16], 'frequency_scale': [0.1, 3.0]}, 'BinningFeatures': {'n_bins': [4, 8], 'delta_scale': [1, 10.0], 'delta_min': [0.1, 10.0], 'delta_max': [11, 100]}, 'ComboFeatures': {'n_frequencies': [4, 16], 'frequency_scale': [0.1, 3.0], 'n_bins': [4, 8], 'delta_scale': [1, 10.0], 'delta_min': [0.1, 10.0], 'delta_max': [11, 100]}, 'ModernNCA': {'dim': [32, 128], 'dropout': [0.01, 0.2], 'temperature': [1, 1]}, 'training': {'batch_size': 71, 'epochs': 10, 'learning_rate': 0.0013562660956891403, 'weight_decay': 0.0009725939796220587}}
{'MLP': {'num_layers': [2, 8], 'd_layers': [32, 256], 'dropout': [0.1, 0.5]}, 'TabTransformer': {'attn_dropout': 0.026309869553542756, 'depth': 7, 'dim': 17, 'ff_dropout': 0.2806318975931444, 'heads': 3}, 'FourierFeatures': {'n_frequencies': [4, 16], 'frequency_scale': [0.1, 3.0]}, 'BinningFeatures': {'n_bins': [4, 8], 'delta_scale': [1, 10.0], 'delta_min': [0.1, 10.0], 'delta_max': [11, 100]}, 'ComboFeatures': {'n_frequencies': [4, 16], 'frequency_scale': [0.1, 3.0], 'n_bins': [4, 8], 'delta_scale': [1, 10.0], 'delta_min': [0.1, 10.0], 'delta_max': [11, 100]}, 'ModernNCA': {'dim': [32, 128], 'dropout': [0.01, 0.2], 'temperature': [1, 1]}, 'training': {'batch_size': 71, 'epochs': 10, 'learning_rate': 0.0013562660956891403, 'weight_decay': 0.0009725939796220587}}
{'MLP': {'num_layers': [2, 8], 'd_layers': [32, 256], 'dropout': [0.1, 0.5]}, 'TabTransformer': {'attn_dropout': 0.026309869553542756, 'depth': 7, 'dim': 17, 'ff_dropout': 0.2806318975931444, 'heads': 3}, 'FourierFeatures': {'n_frequencies': [4, 16], 'frequency_scale': [0.1, 3.0]}, 'BinningFeatures': {'n_bins': [4, 8], 'delta_scale': [1, 10.0], 'delta_min': [0.1, 10.0], 'delta_max': [11, 100]}, 'ComboFeatures': {'n_frequencies': [4, 16], 'frequency_scale': [0.1, 3.0], 'n_bins': [4, 8], 'delta_scale': [1, 10.0], 'delta_min': [0.1, 10.0], 'delta_max': [11, 100]}, 'ModernNCA': {'dim': [32, 128], 'dropout': [0.01, 0.2], 'temperature': [1, 1]}, 'training': {'batch_size': 71, 'epochs': 10, 'learning_rate': 0.0013562660956891403, 'weight_decay': 0.0009725939796220587}}
{'MLP': {'num_layers': [2, 8], 'd_layers': [32, 256], 'dropout': [0.1, 0.5]}, 'TabTransformer': {'attn_dropout': 0.026309869553542756, 'depth': 7, 'dim': 17, 'ff_dropout': 0.2806318975931444, 'heads': 3}, 'FourierFeatures': {'n_frequencies': [4, 16], 'frequency_scale': [0.1, 3.0]}, 'BinningFeatures': {'n_bins': [4, 8], 'delta_scale': [1, 10.0], 'delta_min': [0.1, 10.0], 'delta_max': [11, 100]}, 'ComboFeatures': {'n_frequencies': [4, 16], 'frequency_scale': [0.1, 3.0], 'n_bins': [4, 8], 'delta_scale': [1, 10.0], 'delta_min': [0.1, 10.0], 'delta_max': [11, 100]}, 'ModernNCA': {'dim': [32, 128], 'dropout': [0.01, 0.2], 'temperature': [1, 1]}, 'training': {'batch_size': 71, 'epochs': 10, 'learning_rate': 0.0013562660956891403, 'weight_decay': 0.0009725939796220587}}
{'MLP': {'num_layers': [2, 8], 'd_layers': [32, 256], 'dropout': [0.1, 0.5]}, 'TabTransformer': {'attn_dropout': 0.026309869553542756, 'depth': 7, 'dim': 17, 'ff_dropout': 0.2806318975931444, 'heads': 3}, 'FourierFeatures': {'n_frequencies': [4, 16], 'frequency_scale': [0.1, 3.0]}, 'BinningFeatures': {'n_bins': [4, 8], 'delta_scale': [1, 10.0], 'delta_min': [0.1, 10.0], 'delta_max': [11, 100]}, 'ComboFeatures': {'n_frequencies': [4, 16], 'frequency_scale': [0.1, 3.0], 'n_bins': [4, 8], 'delta_scale': [1, 10.0], 'delta_min': [0.1, 10.0], 'delta_max': [11, 100]}, 'ModernNCA': {'dim': [32, 128], 'dropout': [0.01, 0.2], 'temperature': [1, 1]}, 'training': {'batch_size': 71, 'epochs': 10, 'learning_rate': 0.0013562660956891403, 'weight_decay': 0.0009725939796220587}}
{'MLP': {'num_layers': [2, 8], 'd_layers': [32, 256], 'dropout': [0.1, 0.5]}, 'TabTransformer': {'attn_dropout': 0.026309869553542756, 'depth': 7, 'dim': 17, 'ff_dropout': 0.2806318975931444, 'heads': 3}, 'FourierFeatures': {'n_frequencies': [4, 16], 'frequency_scale': [0.1, 3.0]}, 'BinningFeatures': {'n_bins': [4, 8], 'delta_scale': [1, 10.0], 'delta_min': [0.1, 10.0], 'delta_max': [11, 100]}, 'ComboFeatures': {'n_frequencies': [4, 16], 'frequency_scale': [0.1, 3.0], 'n_bins': [4, 8], 'delta_scale': [1, 10.0], 'delta_min': [0.1, 10.0], 'delta_max': [11, 100]}, 'ModernNCA': {'dim': [32, 128], 'dropout': [0.01, 0.2], 'temperature': [1, 1]}, 'training': {'batch_size': 71, 'epochs': 10, 'learning_rate': 0.0013562660956891403, 'weight_decay': 0.0009725939796220587}}
{'MLP': {'num_layers': [2, 8], 'd_layers': [32, 256], 'dropout': [0.1, 0.5]}, 'TabTransformer': {'attn_dropout': 0.026309869553542756, 'depth': 7, 'dim': 17, 'ff_dropout': 0.2806318975931444, 'heads': 3}, 'FourierFeatures': {'n_frequencies': [4, 16], 'frequency_scale': [0.1, 3.0]}, 'BinningFeatures': {'n_bins': [4, 8], 'delta_scale': [1, 10.0], 'delta_min': [0.1, 10.0], 'delta_max': [11, 100]}, 'ComboFeatures': {'n_frequencies': [4, 16], 'frequency_scale': [0.1, 3.0], 'n_bins': [4, 8], 'delta_scale': [1, 10.0], 'delta_min': [0.1, 10.0], 'delta_max': [11, 100]}, 'ModernNCA': {'dim': [32, 128], 'dropout': [0.01, 0.2], 'temperature': [1, 1]}, 'training': {'batch_size': 71, 'epochs': 10, 'learning_rate': 0.0013562660956891403, 'weight_decay': 0.0009725939796220587}}
{'MLP': {'num_layers': [2, 8], 'd_layers': [32, 256], 'dropout': [0.1, 0.5]}, 'TabTransformer': {'attn_dropout': 0.026309869553542756, 'depth': 7, 'dim': 17, 'ff_dropout': 0.2806318975931444, 'heads': 3}, 'FourierFeatures': {'n_frequencies': [4, 16], 'frequency_scale': [0.1, 3.0]}, 'BinningFeatures': {'n_bins': [4, 8], 'delta_scale': [1, 10.0], 'delta_min': [0.1, 10.0], 'delta_max': [11, 100]}, 'ComboFeatures': {'n_frequencies': [4, 16], 'frequency_scale': [0.1, 3.0], 'n_bins': [4, 8], 'delta_scale': [1, 10.0], 'delta_min': [0.1, 10.0], 'delta_max': [11, 100]}, 'ModernNCA': {'dim': [32, 128], 'dropout': [0.01, 0.2], 'temperature': [1, 1]}, 'training': {'batch_size': 71, 'epochs': 10, 'learning_rate': 0.0013562660956891403, 'weight_decay': 0.0009725939796220587}}
{'MLP': {'num_layers': [2, 8], 'd_layers': [32, 256], 'dropout': [0.1, 0.5]}, 'TabTransformer': {'attn_dropout': 0.026309869553542756, 'depth': 7, 'dim': 17, 'ff_dropout': 0.2806318975931444, 'heads': 3}, 'FourierFeatures': {'n_frequencies': [4, 16], 'frequency_scale': [0.1, 3.0]}, 'BinningFeatures': {'n_bins': [4, 8], 'delta_scale': [1, 10.0], 'delta_min': [0.1, 10.0], 'delta_max': [11, 100]}, 'ComboFeatures': {'n_frequencies': [4, 16], 'frequency_scale': [0.1, 3.0], 'n_bins': [4, 8], 'delta_scale': [1, 10.0], 'delta_min': [0.1, 10.0], 'delta_max': [11, 100]}, 'ModernNCA': {'dim': [32, 128], 'dropout': [0.01, 0.2], 'temperature': [1, 1]}, 'training': {'batch_size': 71, 'epochs': 10, 'learning_rate': 0.0013562660956891403, 'weight_decay': 0.0009725939796220587}}
{'MLP': {'num_layers': [2, 8], 'd_layers': [32, 256], 'dropout': [0.1, 0.5]}, 'TabTransformer': {'attn_dropout': 0.026309869553542756, 'depth': 7, 'dim': 17, 'ff_dropout': 0.2806318975931444, 'heads': 3}, 'FourierFeatures': {'n_frequencies': [4, 16], 'frequency_scale': [0.1, 3.0]}, 'BinningFeatures': {'n_bins': [4, 8], 'delta_scale': [1, 10.0], 'delta_min': [0.1, 10.0], 'delta_max': [11, 100]}, 'ComboFeatures': {'n_frequencies': [4, 16], 'frequency_scale': [0.1, 3.0], 'n_bins': [4, 8], 'delta_scale': [1, 10.0], 'delta_min': [0.1, 10.0], 'delta_max': [11, 100]}, 'ModernNCA': {'dim': [32, 128], 'dropout': [0.01, 0.2], 'temperature': [1, 1]}, 'training': {'batch_size': 71, 'epochs': 10, 'learning_rate': 0.0013562660956891403, 'weight_decay': 0.0009725939796220587}}
{'MLP': {'num_layers': [2, 8], 'd_layers': [32, 256], 'dropout': [0.1, 0.5]}, 'TabTransformer': {'attn_dropout': 0.026309869553542756, 'depth': 7, 'dim': 17, 'ff_dropout': 0.2806318975931444, 'heads': 3}, 'FourierFeatures': {'n_frequencies': [4, 16], 'frequency_scale': [0.1, 3.0]}, 'BinningFeatures': {'n_bins': [4, 8], 'delta_scale': [1, 10.0], 'delta_min': [0.1, 10.0], 'delta_max': [11, 100]}, 'ComboFeatures': {'n_frequencies': [4, 16], 'frequency_scale': [0.1, 3.0], 'n_bins': [4, 8], 'delta_scale': [1, 10.0], 'delta_min': [0.1, 10.0], 'delta_max': [11, 100]}, 'ModernNCA': {'dim': [32, 128], 'dropout': [0.01, 0.2], 'temperature': [1, 1]}, 'training': {'batch_size': 71, 'epochs': 10, 'learning_rate': 0.0013562660956891403, 'weight_decay': 0.0009725939796220587}}
{'MLP': {'num_layers': [2, 8], 'd_layers': [32, 256], 'dropout': [0.1, 0.5]}, 'TabTransformer': {'attn_dropout': 0.026309869553542756, 'depth': 7, 'dim': 17, 'ff_dropout': 0.2806318975931444, 'heads': 3}, 'FourierFeatures': {'n_frequencies': [4, 16], 'frequency_scale': [0.1, 3.0]}, 'BinningFeatures': {'n_bins': [4, 8], 'delta_scale': [1, 10.0], 'delta_min': [0.1, 10.0], 'delta_max': [11, 100]}, 'ComboFeatures': {'n_frequencies': [4, 16], 'frequency_scale': [0.1, 3.0], 'n_bins': [4, 8], 'delta_scale': [1, 10.0], 'delta_min': [0.1, 10.0], 'delta_max': [11, 100]}, 'ModernNCA': {'dim': [32, 128], 'dropout': [0.01, 0.2], 'temperature': [1, 1]}, 'training': {'batch_size': 71, 'epochs': 10, 'learning_rate': 0.0013562660956891403, 'weight_decay': 0.0009725939796220587}}
{'MLP': {'num_layers': [2, 8], 'd_layers': [32, 256], 'dropout': [0.1, 0.5]}, 'TabTransformer': {'attn_dropout': 0.026309869553542756, 'depth': 7, 'dim': 17, 'ff_dropout': 0.2806318975931444, 'heads': 3}, 'FourierFeatures': {'n_frequencies': [4, 16], 'frequency_scale': [0.1, 3.0]}, 'BinningFeatures': {'n_bins': [4, 8], 'delta_scale': [1, 10.0], 'delta_min': [0.1, 10.0], 'delta_max': [11, 100]}, 'ComboFeatures': {'n_frequencies': [4, 16], 'frequency_scale': [0.1, 3.0], 'n_bins': [4, 8], 'delta_scale': [1, 10.0], 'delta_min': [0.1, 10.0], 'delta_max': [11, 100]}, 'ModernNCA': {'dim': [32, 128], 'dropout': [0.01, 0.2], 'temperature': [1, 1]}, 'training': {'batch_size': 71, 'epochs': 10, 'learning_rate': 0.0013562660956891403, 'weight_decay': 0.0009725939796220587}}
{'MLP': {'num_layers': [2, 8], 'd_layers': [32, 256], 'dropout': [0.1, 0.5]}, 'TabTransformer': {'attn_dropout': 0.026309869553542756, 'depth': 7, 'dim': 17, 'ff_dropout': 0.2806318975931444, 'heads': 3}, 'FourierFeatures': {'n_frequencies': [4, 16], 'frequency_scale': [0.1, 3.0]}, 'BinningFeatures': {'n_bins': [4, 8], 'delta_scale': [1, 10.0], 'delta_min': [0.1, 10.0], 'delta_max': [11, 100]}, 'ComboFeatures': {'n_frequencies': [4, 16], 'frequency_scale': [0.1, 3.0], 'n_bins': [4, 8], 'delta_scale': [1, 10.0], 'delta_min': [0.1, 10.0], 'delta_max': [11, 100]}, 'ModernNCA': {'dim': [32, 128], 'dropout': [0.01, 0.2], 'temperature': [1, 1]}, 'training': {'batch_size': 71, 'epochs': 10, 'learning_rate': 0.0013562660956891403, 'weight_decay': 0.0009725939796220587}}
{'MLP': {'num_layers': [2, 8], 'd_layers': [32, 256], 'dropout': [0.1, 0.5]}, 'TabTransformer': {'attn_dropout': 0.026309869553542756, 'depth': 7, 'dim': 17, 'ff_dropout': 0.2806318975931444, 'heads': 3}, 'FourierFeatures': {'n_frequencies': [4, 16], 'frequency_scale': [0.1, 3.0]}, 'BinningFeatures': {'n_bins': [4, 8], 'delta_scale': [1, 10.0], 'delta_min': [0.1, 10.0], 'delta_max': [11, 100]}, 'ComboFeatures': {'n_frequencies': [4, 16], 'frequency_scale': [0.1, 3.0], 'n_bins': [4, 8], 'delta_scale': [1, 10.0], 'delta_min': [0.1, 10.0], 'delta_max': [11, 100]}, 'ModernNCA': {'dim': [32, 128], 'dropout': [0.01, 0.2], 'temperature': [1, 1]}, 'training': {'batch_size': 71, 'epochs': 10, 'learning_rate': 0.0013562660956891403, 'weight_decay': 0.0009725939796220587}}
{'MLP': {'num_layers': [2, 8], 'd_layers': [32, 256], 'dropout': [0.1, 0.5]}, 'TabTransformer': {'attn_dropout': 0.026309869553542756, 'depth': 7, 'dim': 17, 'ff_dropout': 0.2806318975931444, 'heads': 3}, 'FourierFeatures': {'n_frequencies': [4, 16], 'frequency_scale': [0.1, 3.0]}, 'BinningFeatures': {'n_bins': [4, 8], 'delta_scale': [1, 10.0], 'delta_min': [0.1, 10.0], 'delta_max': [11, 100]}, 'ComboFeatures': {'n_frequencies': [4, 16], 'frequency_scale': [0.1, 3.0], 'n_bins': [4, 8], 'delta_scale': [1, 10.0], 'delta_min': [0.1, 10.0], 'delta_max': [11, 100]}, 'ModernNCA': {'dim': [32, 128], 'dropout': [0.01, 0.2], 'temperature': [1, 1]}, 'training': {'batch_size': 71, 'epochs': 10, 'learning_rate': 0.0013562660956891403, 'weight_decay': 0.0009725939796220587}}
{'MLP': {'num_layers': [2, 8], 'd_layers': [32, 256], 'dropout': [0.1, 0.5]}, 'TabTransformer': {'attn_dropout': 0.026309869553542756, 'depth': 7, 'dim': 17, 'ff_dropout': 0.2806318975931444, 'heads': 3}, 'FourierFeatures': {'n_frequencies': [4, 16], 'frequency_scale': [0.1, 3.0]}, 'BinningFeatures': {'n_bins': [4, 8], 'delta_scale': [1, 10.0], 'delta_min': [0.1, 10.0], 'delta_max': [11, 100]}, 'ComboFeatures': {'n_frequencies': [4, 16], 'frequency_scale': [0.1, 3.0], 'n_bins': [4, 8], 'delta_scale': [1, 10.0], 'delta_min': [0.1, 10.0], 'delta_max': [11, 100]}, 'ModernNCA': {'dim': [32, 128], 'dropout': [0.01, 0.2], 'temperature': [1, 1]}, 'training': {'batch_size': 71, 'epochs': 10, 'learning_rate': 0.0013562660956891403, 'weight_decay': 0.0009725939796220587}}
{'MLP': {'num_layers': [2, 8], 'd_layers': [32, 256], 'dropout': [0.1, 0.5]}, 'TabTransformer': {'attn_dropout': 0.026309869553542756, 'depth': 7, 'dim': 17, 'ff_dropout': 0.2806318975931444, 'heads': 3}, 'FourierFeatures': {'n_frequencies': [4, 16], 'frequency_scale': [0.1, 3.0]}, 'BinningFeatures': {'n_bins': [4, 8], 'delta_scale': [1, 10.0], 'delta_min': [0.1, 10.0], 'delta_max': [11, 100]}, 'ComboFeatures': {'n_frequencies': [4, 16], 'frequency_scale': [0.1, 3.0], 'n_bins': [4, 8], 'delta_scale': [1, 10.0], 'delta_min': [0.1, 10.0], 'delta_max': [11, 100]}, 'ModernNCA': {'dim': [32, 128], 'dropout': [0.01, 0.2], 'temperature': [1, 1]}, 'training': {'batch_size': 71, 'epochs': 10, 'learning_rate': 0.0013562660956891403, 'weight_decay': 0.0009725939796220587}}
{'MLP': {'num_layers': [2, 8], 'd_layers': [32, 256], 'dropout': [0.1, 0.5]}, 'TabTransformer': {'attn_dropout': 0.026309869553542756, 'depth': 7, 'dim': 17, 'ff_dropout': 0.2806318975931444, 'heads': 3}, 'FourierFeatures': {'n_frequencies': [4, 16], 'frequency_scale': [0.1, 3.0]}, 'BinningFeatures': {'n_bins': [4, 8], 'delta_scale': [1, 10.0], 'delta_min': [0.1, 10.0], 'delta_max': [11, 100]}, 'ComboFeatures': {'n_frequencies': [4, 16], 'frequency_scale': [0.1, 3.0], 'n_bins': [4, 8], 'delta_scale': [1, 10.0], 'delta_min': [0.1, 10.0], 'delta_max': [11, 100]}, 'ModernNCA': {'dim': [32, 128], 'dropout': [0.01, 0.2], 'temperature': [1, 1]}, 'training': {'batch_size': 71, 'epochs': 10, 'learning_rate': 0.0013562660956891403, 'weight_decay': 0.0009725939796220587}}
{'MLP': {'num_layers': [2, 8], 'd_layers': [32, 256], 'dropout': [0.1, 0.5]}, 'TabTransformer': {'attn_dropout': 0.026309869553542756, 'depth': 7, 'dim': 17, 'ff_dropout': 0.2806318975931444, 'heads': 3}, 'FourierFeatures': {'n_frequencies': [4, 16], 'frequency_scale': [0.1, 3.0]}, 'BinningFeatures': {'n_bins': [4, 8], 'delta_scale': [1, 10.0], 'delta_min': [0.1, 10.0], 'delta_max': [11, 100]}, 'ComboFeatures': {'n_frequencies': [4, 16], 'frequency_scale': [0.1, 3.0], 'n_bins': [4, 8], 'delta_scale': [1, 10.0], 'delta_min': [0.1, 10.0], 'delta_max': [11, 100]}, 'ModernNCA': {'dim': [32, 128], 'dropout': [0.01, 0.2], 'temperature': [1, 1]}, 'training': {'batch_size': 71, 'epochs': 10, 'learning_rate': 0.0013562660956891403, 'weight_decay': 0.0009725939796220587}}
{'MLP': {'num_layers': [2, 8], 'd_layers': [32, 256], 'dropout': [0.1, 0.5]}, 'TabTransformer': {'attn_dropout': 0.026309869553542756, 'depth': 7, 'dim': 17, 'ff_dropout': 0.2806318975931444, 'heads': 3}, 'FourierFeatures': {'n_frequencies': [4, 16], 'frequency_scale': [0.1, 3.0]}, 'BinningFeatures': {'n_bins': [4, 8], 'delta_scale': [1, 10.0], 'delta_min': [0.1, 10.0], 'delta_max': [11, 100]}, 'ComboFeatures': {'n_frequencies': [4, 16], 'frequency_scale': [0.1, 3.0], 'n_bins': [4, 8], 'delta_scale': [1, 10.0], 'delta_min': [0.1, 10.0], 'delta_max': [11, 100]}, 'ModernNCA': {'dim': [32, 128], 'dropout': [0.01, 0.2], 'temperature': [1, 1]}, 'training': {'batch_size': 71, 'epochs': 10, 'learning_rate': 0.0013562660956891403, 'weight_decay': 0.0009725939796220587}}
{'MLP': {'num_layers': [2, 8], 'd_layers': [32, 256], 'dropout': [0.1, 0.5]}, 'TabTransformer': {'attn_dropout': 0.026309869553542756, 'depth': 7, 'dim': 17, 'ff_dropout': 0.2806318975931444, 'heads': 3}, 'FourierFeatures': {'n_frequencies': [4, 16], 'frequency_scale': [0.1, 3.0]}, 'BinningFeatures': {'n_bins': [4, 8], 'delta_scale': [1, 10.0], 'delta_min': [0.1, 10.0], 'delta_max': [11, 100]}, 'ComboFeatures': {'n_frequencies': [4, 16], 'frequency_scale': [0.1, 3.0], 'n_bins': [4, 8], 'delta_scale': [1, 10.0], 'delta_min': [0.1, 10.0], 'delta_max': [11, 100]}, 'ModernNCA': {'dim': [32, 128], 'dropout': [0.01, 0.2], 'temperature': [1, 1]}, 'training': {'batch_size': 71, 'epochs': 10, 'learning_rate': 0.0013562660956891403, 'weight_decay': 0.0009725939796220587}}
{'MLP': {'num_layers': [2, 8], 'd_layers': [32, 256], 'dropout': [0.1, 0.5]}, 'TabTransformer': {'attn_dropout': 0.026309869553542756, 'depth': 7, 'dim': 